Discarded frame: 1
Discarded frame: 2
Discarded frame: 3
Discarded frame: 4
Discarded frame: 5
Discarded frame: 6
Discarded frame: 7
Discarded frame: 8
Discarded frame: 9
Discarded frame: 10
Discarded frame: 11
Discarded frame: 12
Discarded frame: 13
Discarded frame: 14
Discarded frame: 15
Discarded frame: 16
Discarded frame: 17
Discarded frame: 18
Discarded frame: 19
Discarded frame: 20
Discarded frame: 21
Discarded frame: 22
Discarded frame: 23
Discarded frame: 24
Discarded frame: 25
Discarded frame: 26
Discarded frame: 27
Discarded frame: 28
Discarded frame: 29
Discarded frame: 30
Discarded frame: 31
Discarded frame: 32
Discarded frame: 33
Discarded frame: 34
Discarded frame: 35
Discarded frame: 36
Discarded frame: 37
Discarded frame: 38
Discarded frame: 39
Discarded frame: 40
Discarded frame: 41
Discarded frame: 42
Discarded frame: 43
Discarded frame: 44
Discarded frame: 45
Discarded frame: 46
Discarded frame: 47
Discarded frame: 48
Discarded frame: 49
Discarded frame: 50
Discarded frame: 51
Discarded frame: 52
Discarded frame: 53
Discarded frame: 54
Discarded frame: 55
Discarded frame: 56
Discarded frame: 57
Discarded frame: 58
Discarded frame: 59
Discarded frame: 60
Discarded frame: 61
Discarded frame: 62
Discarded frame: 63
Discarded frame: 64
Discarded frame: 65
Discarded frame: 66
Discarded frame: 67
Discarded frame: 68
Discarded frame: 69
Discarded frame: 70
Discarded frame: 71
Discarded frame: 72
Discarded frame: 73
Discarded frame: 74
Discarded frame: 75
Discarded frame: 76
Discarded frame: 77
Discarded frame: 78
Discarded frame: 79
Discarded frame: 80
Discarded frame: 81
Discarded frame: 82
Discarded frame: 83
Discarded frame: 84
Discarded frame: 85
Discarded frame: 86
Discarded frame: 87
Discarded frame: 88
Discarded frame: 89
Discarded frame: 90
Discarded frame: 91
Discarded frame: 92
Discarded frame: 93
Discarded frame: 94
Discarded frame: 95
Discarded frame: 96
Discarded frame: 97
Discarded frame: 98
Discarded frame: 99
Discarded frame: 100
Discarded frame: 101
Discarded frame: 102
Discarded frame: 103
Discarded frame: 104
Discarded frame: 105
Discarded frame: 106
Discarded frame: 107
Discarded frame: 108
Discarded frame: 109
Discarded frame: 110
Discarded frame: 111
Discarded frame: 112
Discarded frame: 113
Discarded frame: 114
Discarded frame: 115
Discarded frame: 116
Discarded frame: 117
Discarded frame: 118
Discarded frame: 119
Discarded frame: 120
Discarded frame: 121
Discarded frame: 122
Discarded frame: 123
Discarded frame: 124
Discarded frame: 125
Discarded frame: 126
Discarded frame: 127
Discarded frame: 128
Discarded frame: 129
Discarded frame: 130
Discarded frame: 131
Discarded frame: 132
Discarded frame: 133
Discarded frame: 134
Discarded frame: 135
Discarded frame: 136
Discarded frame: 137
Discarded frame: 138
Discarded frame: 139
Discarded frame: 140
Discarded frame: 141
Discarded frame: 142
Discarded frame: 143
Discarded frame: 144
Discarded frame: 145
Discarded frame: 146
Discarded frame: 147
Discarded frame: 148
Discarded frame: 149
Discarded frame: 150
Discarded frame: 151
Discarded frame: 152
Discarded frame: 153
Discarded frame: 154
Discarded frame: 155
Discarded frame: 156
Discarded frame: 157
Discarded frame: 158
Discarded frame: 159
Discarded frame: 160
Discarded frame: 161
Discarded frame: 162
Discarded frame: 163
Discarded frame: 164
Discarded frame: 165
Discarded frame: 166
Discarded frame: 167
Discarded frame: 168
Discarded frame: 169
Discarded frame: 170
Discarded frame: 171
Discarded frame: 172
Discarded frame: 173
Discarded frame: 174
Discarded frame: 175
Discarded frame: 176
Discarded frame: 177
Discarded frame: 178
Discarded frame: 179
Discarded frame: 180
Discarded frame: 181
Discarded frame: 182
Discarded frame: 183
Discarded frame: 184
Discarded frame: 185
Discarded frame: 186
Discarded frame: 187
Discarded frame: 188
Discarded frame: 189
Discarded frame: 190
Discarded frame: 191
Discarded frame: 192
Discarded frame: 193
Discarded frame: 194
Discarded frame: 195
Discarded frame: 196
Discarded frame: 197
Discarded frame: 198
Discarded frame: 199
Discarded frame: 200
Discarded frame: 201
Discarded frame: 202
Discarded frame: 203
Discarded frame: 203
Discarded frame: 204
Discarded frame: 203
Discarded frame: 205
Discarded frame: 204
Discarded frame: 206
Discarded frame: 205
Discarded frame: 207
Discarded frame: 206
Discarded frame: 208
Discarded frame: 207
Discarded frame: 209
Discarded frame: 208
Discarded frame: 210
Discarded frame: 209
Discarded frame: 211
Discarded frame: 210
Discarded frame: 212
Discarded frame: 211
Discarded frame: 213
Discarded frame: 212
Discarded frame: 214
Discarded frame: 213
Discarded frame: 1
Discarded frame: 2
Discarded frame: 3
Discarded frame: 4
Discarded frame: 215
Discarded frame: 214
Discarded frame: 5
Discarded frame: 6
Discarded frame: 7
Discarded frame: 8
Discarded frame: 216
Discarded frame: 215Discarded frame: 9
Discarded frame: 10
Discarded frame: 11
Discarded frame: 12

Discarded frame: 217
Discarded frame: 216
Discarded frame: 13
Discarded frame: 14
Discarded frame: 15
Discarded frame: 16
Discarded frame: 218
Discarded frame: Discarded frame: 21717
Discarded frame: 
18
Discarded frame: 19
Discarded frame: 20
Discarded frame: 219
Discarded frame: 218
Discarded frame: 21
Discarded frame: 22
Discarded frame: 23
Discarded frame: 24
Discarded frame: 220
Discarded frame: 219
Discarded frame: 25
Discarded frame: 26
Discarded frame: 27
Discarded frame: 28
Discarded frame: 221
Discarded frame: 220
Discarded frame: 29
Discarded frame: 30
Discarded frame: 31
Discarded frame: 32
Discarded frame: 222
Discarded frame: 221
Discarded frame: 33
Discarded frame: 34
Discarded frame: 35
Discarded frame: 36
Discarded frame: 223
Discarded frame: 222
Discarded frame: 37
Discarded frame: 38
Discarded frame: 39
Discarded frame: 40
Discarded frame: 224
Discarded frame: 223
Discarded frame: 41
Discarded frame: 42
Discarded frame: 43
Discarded frame: 44
Discarded frame: 225
Discarded frame: 224
Discarded frame: 45
Discarded frame: 46
Discarded frame: 47
Discarded frame: 48
Discarded frame: 226
Discarded frame: 225
Discarded frame: 49
Discarded frame: 50
Discarded frame: 51
Discarded frame: 52
Discarded frame: 227
Discarded frame: 226
Discarded frame: 53
Discarded frame: 54
Discarded frame: 55
Discarded frame: 56
Discarded frame: 228
Discarded frame: Discarded frame: 57227

Discarded frame: 58
Discarded frame: 59
Discarded frame: 60
Discarded frame: 229
Discarded frame: 228
Discarded frame: 61
Discarded frame: 62
Discarded frame: 63
Discarded frame: 64
Discarded frame: 230
Discarded frame: 229
Discarded frame: 65
Discarded frame: 66
Discarded frame: 67
Discarded frame: 68
Discarded frame: 231
Discarded frame: 230
Discarded frame: 69
Discarded frame: 70
Discarded frame: 71
Discarded frame: 72
Discarded frame: 232
Discarded frame: 231
Discarded frame: 73
Discarded frame: 74
Discarded frame: 75
Discarded frame: 76
Discarded frame: 233
Discarded frame: 232
Discarded frame: 77
Discarded frame: 78
Discarded frame: 79
Discarded frame: 80
Discarded frame: 234
Discarded frame: Discarded frame: 23381

Discarded frame: 82
Discarded frame: 83
Discarded frame: 84
Discarded frame: 235
Discarded frame: Discarded frame: 85
234Discarded frame: 86

Discarded frame: 87
Discarded frame: 88
Discarded frame: 236
Discarded frame: 89
Discarded frame: 90
Discarded frame: 91
Discarded frame: 92
Discarded frame: 235
Discarded frame: 237
Discarded frame: 93Discarded frame: 
236Discarded frame: 
94
Discarded frame: 95
Discarded frame: 96
Discarded frame: 238
Discarded frame: 237
Discarded frame: 97
Discarded frame: 98
Discarded frame: 99
Discarded frame: 100
Discarded frame: 239
Discarded frame: 238
Discarded frame: 101
Discarded frame: 102
Discarded frame: 103
Discarded frame: 104
Discarded frame: 240
Discarded frame: Discarded frame: 239105

Discarded frame: 106
Discarded frame: 107
Discarded frame: 108
Discarded frame: 241
Discarded frame: Discarded frame: 109
240Discarded frame: 110

Discarded frame: 111
Discarded frame: 112
Discarded frame: 242
Discarded frame: Discarded frame: 113
241Discarded frame: 
114
Discarded frame: 115
Discarded frame: 116
Discarded frame: 243
Discarded frame: Discarded frame: 242117

Discarded frame: 118
Discarded frame: 119
Discarded frame: 120
Discarded frame: 244
Discarded frame: Discarded frame: 243121

Discarded frame: 122
Discarded frame: 123
Discarded frame: 124
Discarded frame: 245
Discarded frame: 244
Discarded frame: 125
Discarded frame: 126
Discarded frame: 127
Discarded frame: 128
Discarded frame: 246
Discarded frame: 129
Discarded frame: 130
Discarded frame: 131
Discarded frame: Discarded frame: 245132

Discarded frame: 247
Discarded frame: 133
Discarded frame: 134
Discarded frame: 135
Discarded frame: 136
Discarded frame: 246
Discarded frame: 248
Discarded frame: 247
Discarded frame: 137
Discarded frame: 138
Discarded frame: 139
Discarded frame: 140
Discarded frame: 249
Discarded frame: Discarded frame: 248141

Discarded frame: 142
Discarded frame: 143
Discarded frame: 144
Discarded frame: 250
Discarded frame: 249
Discarded frame: 145
Discarded frame: 146
Discarded frame: 147
Discarded frame: 148
Discarded frame: 251
Discarded frame: Discarded frame: 149250

Discarded frame: 150
Discarded frame: 151
Discarded frame: 152
Discarded frame: 252
Discarded frame: 251Discarded frame: 
153
Discarded frame: 154
Discarded frame: 155
Discarded frame: 156
Discarded frame: 253
Discarded frame: Discarded frame: 252157

Discarded frame: 158
Discarded frame: 159
Discarded frame: 160
Discarded frame: 254
Discarded frame: 253
Discarded frame: 161
Discarded frame: 162
Discarded frame: 163
Discarded frame: 255
Discarded frame: Discarded frame: 164254

Discarded frame: 165
Discarded frame: 166
Discarded frame: 167
Discarded frame: 256
Discarded frame: 255
Discarded frame: 168
Discarded frame: 169
Discarded frame: 170
Discarded frame: 171
Discarded frame: 257
Discarded frame: 256
Discarded frame: 172
Discarded frame: 173
Discarded frame: 174
Discarded frame: 175
Discarded frame: 258
Discarded frame: Discarded frame: 257176

Discarded frame: 177
Discarded frame: 178
Discarded frame: 179
Discarded frame: 259
Discarded frame: 258
Discarded frame: 180
Discarded frame: 181
Discarded frame: 182
Discarded frame: 183
Discarded frame: 260
Discarded frame: 184
Discarded frame: 185
Discarded frame: 186
Discarded frame: 187
Discarded frame: 259
Discarded frame: 261
Discarded frame: 260
Discarded frame: 188
Discarded frame: 189
Discarded frame: 190
Discarded frame: 191
Discarded frame: 262
Discarded frame: 261
Discarded frame: 192
Discarded frame: 193
Discarded frame: 194
Discarded frame: 195
Discarded frame: 263
Discarded frame: 262
Discarded frame: 196
Discarded frame: 197
Discarded frame: 198
Discarded frame: 199
Discarded frame: 264
Discarded frame: 263
Discarded frame: 200
Discarded frame: 201
Discarded frame: 202
Discarded frame: 265
Discarded frame: 264
Discarded frame: 266
Discarded frame: 265
Discarded frame: 267
Discarded frame: 266
Discarded frame: 268
Discarded frame: 267
Discarded frame: 269
Discarded frame: 268
Discarded frame: 270
Discarded frame: 269
Discarded frame: 271
Discarded frame: 270
Discarded frame: 272
Discarded frame: 271
Discarded frame: 273
Discarded frame: 272
Discarded frame: 274
Discarded frame: 273
Discarded frame: 275
Discarded frame: 274
Discarded frame: 276
Discarded frame: 275
Discarded frame: 277
Discarded frame: 276
Discarded frame: 278
Discarded frame: 277
Discarded frame: 279
Discarded frame: 278
Discarded frame: 280
Discarded frame: 279
Discarded frame: 281
Discarded frame: 280
Discarded frame: 282
Discarded frame: 281
Discarded frame: 283
Discarded frame: 282
Discarded frame: 284
Discarded frame: 283
Discarded frame: 285
Discarded frame: 284
Discarded frame: 286
Discarded frame: 285
Discarded frame: 287
Discarded frame: 286
Discarded frame: 288
Discarded frame: 287
Discarded frame: 289
Discarded frame: 288
Discarded frame: 290
Discarded frame: 289
Discarded frame: 291
Discarded frame: 290
Discarded frame: 292
Discarded frame: 291
Discarded frame: 293
Discarded frame: 292
Discarded frame: 294
Discarded frame: 293
Discarded frame: 295
Discarded frame: 294
Discarded frame: 296
Discarded frame: 295
Discarded frame: 297
Discarded frame: 296
Discarded frame: 298
Discarded frame: 297
Discarded frame: 299
Discarded frame: 298
Discarded frame: 300
Discarded frame: 299
Discarded frame: 301
Discarded frame: 300
Discarded frame: 302
Discarded frame: 301
Discarded frame: 303
Discarded frame: 302
Discarded frame: 304
Discarded frame: 303
Discarded frame: 305
Discarded frame: 304
Discarded frame: 306
Discarded frame: 305
Discarded frame: 307
Discarded frame: 306
Discarded frame: 308
Discarded frame: 307
Discarded frame: 309
Discarded frame: 308
Discarded frame: 310
Discarded frame: 309
Discarded frame: 311
Discarded frame: 310
Discarded frame: 312
Discarded frame: 311
Discarded frame: 313
Discarded frame: 312
Discarded frame: 314
Discarded frame: 313
Discarded frame: 315
Discarded frame: 314
Discarded frame: 316
Discarded frame: 315
Discarded frame: 317
Discarded frame: 316
Discarded frame: 318
Discarded frame: 317
Discarded frame: 319
Discarded frame: 318
Discarded frame: 320
Discarded frame: 319
Discarded frame: 321
Discarded frame: 320
Discarded frame: 322
Discarded frame: 321
Discarded frame: 323
Discarded frame: 322
Discarded frame: 324
Discarded frame: 323
Discarded frame: 325
Discarded frame: 324
Discarded frame: 326
Discarded frame: 325
Discarded frame: 327
Discarded frame: 326
Discarded frame: 328
Discarded frame: 327
Discarded frame: 329
Discarded frame: 328
Discarded frame: 330
Discarded frame: 329
Discarded frame: 331
Discarded frame: 330
Discarded frame: 332
Discarded frame: 331
Discarded frame: 333
Discarded frame: 332
Discarded frame: 334
Discarded frame: 333
Discarded frame: 335
Discarded frame: 334
Discarded frame: 336
Discarded frame: 335
Discarded frame: 337
Discarded frame: 336
Discarded frame: 338
Discarded frame: 337
Discarded frame: 339
Discarded frame: 338
Discarded frame: 340
Discarded frame: 339
Discarded frame: 341
Discarded frame: 340
Discarded frame: 342
Discarded frame: 341
Discarded frame: 343
Discarded frame: 342
Discarded frame: 344
Discarded frame: 343
Discarded frame: 345
Discarded frame: 344
Discarded frame: 346
Discarded frame: 345
Discarded frame: 347
Discarded frame: 346
Discarded frame: 348
Discarded frame: 347
Discarded frame: 349
Discarded frame: 348
Discarded frame: 350
Discarded frame: 349
Discarded frame: 351
Discarded frame: 350
Discarded frame: 352
Discarded frame: 351
Discarded frame: 353
Discarded frame: 352
Discarded frame: 354
Discarded frame: 353
Discarded frame: 355
Discarded frame: 354
Discarded frame: 356
Discarded frame: 355
Discarded frame: 357
Discarded frame: 356
Discarded frame: 358
Discarded frame: 357
Discarded frame: 359
Discarded frame: 358
Discarded frame: 360
Discarded frame: 359
Discarded frame: 361
Discarded frame: 360
Discarded frame: 362
Discarded frame: 361
Discarded frame: 363
Discarded frame: 362
Discarded frame: 364
Discarded frame: 363
Discarded frame: 365
Discarded frame: 364
Discarded frame: 366
Discarded frame: 365
Discarded frame: 367
Discarded frame: 366
Discarded frame: 368
Discarded frame: 367
Discarded frame: 369
Discarded frame: 368
Discarded frame: 370
Discarded frame: 369
Discarded frame: 371
Discarded frame: 370
Discarded frame: 372
Discarded frame: 371
Discarded frame: 373
Discarded frame: 372
Discarded frame: 374
Discarded frame: 373
Discarded frame: 375
Discarded frame: 374
Discarded frame: 376
Discarded frame: 375
Discarded frame: 377
Discarded frame: 376
Discarded frame: 378
Discarded frame: 377
Discarded frame: 379
Discarded frame: 378
Discarded frame: 380
Discarded frame: 379
Discarded frame: 381
Discarded frame: 380
Discarded frame: 382
Discarded frame: 381
Discarded frame: 383
Discarded frame: 382
Discarded frame: 384
Discarded frame: 383
Discarded frame: 385
Discarded frame: 384
Discarded frame: 386
Discarded frame: 385
Discarded frame: 387
Discarded frame: 386
Discarded frame: 388
Discarded frame: 387
Discarded frame: 389
Discarded frame: 388
Discarded frame: 390
Discarded frame: 389
Discarded frame: 391
Discarded frame: 390
Discarded frame: 392
Discarded frame: 391
Discarded frame: 393
Discarded frame: 392
Discarded frame: 394
Discarded frame: 393
Discarded frame: 395
Discarded frame: 394
Discarded frame: 396
Discarded frame: 395
Discarded frame: 397
Discarded frame: 396
Discarded frame: 398
Discarded frame: 397
Discarded frame: 399
Discarded frame: 398
Discarded frame: 400
Discarded frame: 399
Discarded frame: 401
Discarded frame: 400
Discarded frame: 402
Discarded frame: 401
Discarded frame: 403
Discarded frame: 402
Discarded frame: 404
Discarded frame: 403
Discarded frame: 405
Discarded frame: 404
Discarded frame: 406
Discarded frame: 405
Discarded frame: 407
Discarded frame: 406
Discarded frame: 408
Discarded frame: 407
Discarded frame: 409
Discarded frame: 408
Discarded frame: 410
Discarded frame: 409
Discarded frame: 411
Discarded frame: 410
Discarded frame: 412
Discarded frame: 411
Discarded frame: 413
Discarded frame: 412
Discarded frame: 414
Discarded frame: 413
Discarded frame: 415
Discarded frame: 414
Discarded frame: 416
Discarded frame: 415
Discarded frame: 417
Discarded frame: 416
Discarded frame: 418
Discarded frame: 417
Discarded frame: 419
Discarded frame: 418
Discarded frame: 420
Discarded frame: 419
Discarded frame: 421
Discarded frame: 420
Discarded frame: 422
Discarded frame: 421
Discarded frame: 423
Discarded frame: 422
Discarded frame: 424
Discarded frame: 423
Discarded frame: 425
Discarded frame: 424
Discarded frame: 426
Discarded frame: 425
Discarded frame: 427
Discarded frame: 426
Discarded frame: 428
Discarded frame: 427
Discarded frame: 429
Discarded frame: 428
Discarded frame: 430
Discarded frame: 429
Discarded frame: 431
Discarded frame: 430
Discarded frame: 432
Discarded frame: 431
Discarded frame: 433
Discarded frame: 432
Discarded frame: 434
Discarded frame: 433
Discarded frame: 435
Discarded frame: 434
Discarded frame: 436
Discarded frame: 435
Discarded frame: 437
Discarded frame: 436
Discarded frame: 438
Discarded frame: 437
Discarded frame: 439
Discarded frame: 438
Discarded frame: 440
Discarded frame: 439
Discarded frame: 441
Discarded frame: 440
Discarded frame: 442
Discarded frame: 441
Discarded frame: 443
Discarded frame: 442
Discarded frame: 444
Discarded frame: 443
Discarded frame: 445
Discarded frame: 444
Discarded frame: 446
Discarded frame: 445
Discarded frame: 447
Discarded frame: 446
Discarded frame: 448
Discarded frame: 447
Discarded frame: 449
Discarded frame: 448
Discarded frame: 450
Discarded frame: 449
Discarded frame: 451
Discarded frame: 450
Discarded frame: 452
Discarded frame: 451
Discarded frame: 453
Discarded frame: 452
Discarded frame: 454
Discarded frame: 453
Discarded frame: 455
Discarded frame: 454
Discarded frame: 456
Discarded frame: 455
Discarded frame: 457
Discarded frame: 456
Discarded frame: 458
Discarded frame: 457
Discarded frame: 459
Discarded frame: 458
Discarded frame: 460
Discarded frame: 459
Discarded frame: 461
Discarded frame: 460
Discarded frame: 462
Discarded frame: 461
Discarded frame: 463
Discarded frame: 462
Discarded frame: 464
Discarded frame: 463
Discarded frame: 465
Discarded frame: 464
Discarded frame: 466
Discarded frame: 465
Discarded frame: 467
Discarded frame: 466
Discarded frame: 468
Discarded frame: 467
Discarded frame: 469
Discarded frame: 468
Discarded frame: 470
Discarded frame: 471
Discarded frame: 472
Discarded frame: 473
Discarded frame: 474
Discarded frame: 475
Discarded frame: 476
Discarded frame: 477
Discarded frame: 478
Discarded frame: 479
Discarded frame: 480
Discarded frame: 481
Discarded frame: 482
Discarded frame: 483
Discarded frame: 484
Discarded frame: 485
Discarded frame: 486
Discarded frame: 487
Discarded frame: 488
Discarded frame: 489
Discarded frame: 490
Discarded frame: 491
Discarded frame: 492
Discarded frame: 493
Discarded frame: 494
Discarded frame: 495
Discarded frame: 496
Discarded frame: 497
Discarded frame: 498
Discarded frame: 499
Discarded frame: 500
Discarded frame: 1
Discarded frame: 2
Discarded frame: 3
Discarded frame: 4
Discarded frame: 5
Discarded frame: 6
Discarded frame: 7
Discarded frame: 8
Discarded frame: 9
Discarded frame: 10
Discarded frame: 11
Discarded frame: 12
Discarded frame: 13
Discarded frame: 14
Discarded frame: 15
Discarded frame: 16
Discarded frame: 17
Discarded frame: 18
Discarded frame: 19
Discarded frame: 20
Discarded frame: 21
Discarded frame: 22
Discarded frame: 23
Discarded frame: 24
Discarded frame: 25
Discarded frame: 26
Discarded frame: 27
Discarded frame: 28
Discarded frame: 29
Discarded frame: 30
Discarded frame: 31
Discarded frame: 32
Discarded frame: 33
Discarded frame: 34
Discarded frame: 35
Discarded frame: 36
Discarded frame: 37
Discarded frame: 38
Discarded frame: 39
Discarded frame: 40
Discarded frame: 41
Discarded frame: 42
Discarded frame: 43
Discarded frame: 44
Discarded frame: 45
Discarded frame: 46
Discarded frame: 47
Discarded frame: 48
Discarded frame: 49
Discarded frame: 50
Discarded frame: 51
Discarded frame: 52
Discarded frame: 53
Discarded frame: 54
Discarded frame: 55
Discarded frame: 56
Discarded frame: 57
Discarded frame: 58
Discarded frame: 59
Discarded frame: 60
Discarded frame: 61
Discarded frame: 62
Discarded frame: 63
Discarded frame: 64
Discarded frame: 65
Discarded frame: 66
Discarded frame: 67
Discarded frame: 68
Discarded frame: 69
Discarded frame: 70
Discarded frame: 71
Discarded frame: 72
Discarded frame: 73
Discarded frame: 74
Discarded frame: 75
Discarded frame: 76
Discarded frame: 77
Discarded frame: 78
Discarded frame: 79
Discarded frame: 80
Discarded frame: 81
Discarded frame: 82
Discarded frame: 83
Discarded frame: 84
Discarded frame: 85
Discarded frame: 86
Discarded frame: 87
Discarded frame: 88
Discarded frame: 89
Discarded frame: 90
Discarded frame: 91
Discarded frame: 92
Discarded frame: 93
Discarded frame: 94
Discarded frame: 95
Discarded frame: 96
Discarded frame: 97
Discarded frame: 98
Discarded frame: 99
Discarded frame: 100
Discarded frame: 101
Discarded frame: 102
Discarded frame: 103
Discarded frame: 104
Discarded frame: 105
Discarded frame: 106
Discarded frame: 107
Discarded frame: 108
Discarded frame: 109
Discarded frame: 110
Discarded frame: 111
Discarded frame: 112
Discarded frame: 113
Discarded frame: 114
Discarded frame: 115
Discarded frame: 116
Discarded frame: 117
Discarded frame: 118
Discarded frame: 119
Discarded frame: 120
Discarded frame: 121
Discarded frame: 122
Discarded frame: 123
Discarded frame: 124
Discarded frame: 125
Discarded frame: 126
Discarded frame: 127
Discarded frame: 128
Discarded frame: 129
Discarded frame: 130
Discarded frame: 131
Discarded frame: 132
Discarded frame: 133
Discarded frame: 134
Discarded frame: 135
Discarded frame: 136
Discarded frame: 137
Discarded frame: 138
Discarded frame: 139
Discarded frame: 140
Discarded frame: 141
Discarded frame: 142
Discarded frame: 143
Discarded frame: 144
Discarded frame: 145
Discarded frame: 146
Discarded frame: 147
Discarded frame: 148
Discarded frame: 149
Discarded frame: 150
Discarded frame: 151
Discarded frame: 152
Discarded frame: 153
Discarded frame: 154
Discarded frame: 155
Discarded frame: 156
Discarded frame: 157
Discarded frame: 158
Discarded frame: 159
Discarded frame: 160
Discarded frame: 161
Discarded frame: 162
Discarded frame: 163
Discarded frame: 164
Discarded frame: 165
Discarded frame: 166
Discarded frame: 167
Discarded frame: 168
Discarded frame: 169
Discarded frame: 170
Discarded frame: 171
Discarded frame: 172
Discarded frame: 173
Discarded frame: 174
Discarded frame: 175
Discarded frame: 176
Discarded frame: 177
Discarded frame: 178
Discarded frame: 179
Discarded frame: 180
Discarded frame: 181
Discarded frame: 182
Discarded frame: 183
Discarded frame: 184
Discarded frame: 185
Discarded frame: 186
Discarded frame: 187
Discarded frame: 188
Discarded frame: 189
Discarded frame: 190
Discarded frame: 191
Discarded frame: 192
Discarded frame: 193
Discarded frame: 194
Discarded frame: 195
Discarded frame: 196
Discarded frame: 197
Discarded frame: 198
Discarded frame: 199
Discarded frame: 200
Discarded frame: 201
Discarded frame: 202
Discarded frame: 203
Discarded frame: 204
Discarded frame: 205
Discarded frame: 206
Discarded frame: 207
Discarded frame: 208
Discarded frame: 209
Discarded frame: 210
Discarded frame: 211
Discarded frame: 212
Discarded frame: 213
Discarded frame: 214
Discarded frame: 215
Discarded frame: 216
Discarded frame: 217
Discarded frame: 218
Discarded frame: 219
Discarded frame: 220
Discarded frame: 221
Discarded frame: 222
Discarded frame: 223
Discarded frame: 224
Discarded frame: 225
Discarded frame: 226
Discarded frame: 227
Discarded frame: 228
Discarded frame: 229
Discarded frame: 230
Discarded frame: 231
Discarded frame: 232
Discarded frame: 233
Discarded frame: 234
Discarded frame: 235
Discarded frame: 236
Discarded frame: 237
Discarded frame: 238
Discarded frame: 239
Discarded frame: 240
Discarded frame: 241
Discarded frame: 242
Discarded frame: 243
Discarded frame: 244
Discarded frame: 245
Discarded frame: 246
Discarded frame: 247
Discarded frame: 248
Discarded frame: 249
Discarded frame: 250
Discarded frame: 251
Discarded frame: 252
Discarded frame: 253
Discarded frame: 254
Discarded frame: 255
Discarded frame: 256
Discarded frame: 257
Discarded frame: 258
Discarded frame: 259
Discarded frame: 260
Discarded frame: 261
Discarded frame: 262
Discarded frame: 263
Discarded frame: 264
Discarded frame: 265
Discarded frame: 266
Discarded frame: 267
Discarded frame: 268
Discarded frame: 269
Discarded frame: 270
Discarded frame: 271
Discarded frame: 272
Discarded frame: 273
Discarded frame: 274
Discarded frame: 275
Discarded frame: 276
Discarded frame: 277
Discarded frame: 278
Discarded frame: 279
Discarded frame: 280
Discarded frame: 281
Discarded frame: 282
Discarded frame: 283
Discarded frame: 284
Discarded frame: 285
Discarded frame: 286
Discarded frame: 287
Discarded frame: 288
Discarded frame: 289
Discarded frame: 290
Discarded frame: 291
Discarded frame: 292
Discarded frame: 293
Discarded frame: 294
Discarded frame: 295
Discarded frame: 295
Discarded frame: 296
Discarded frame: 1
Discarded frame: 2
Discarded frame: 3
Discarded frame: 4
Discarded frame: 5
Discarded frame: 6
Discarded frame: 7
Discarded frame: 8
Discarded frame: 9
Discarded frame: 10
Discarded frame: 11
Discarded frame: 12
Discarded frame: 13
Discarded frame: 14
Discarded frame: 15
Discarded frame: 16
Discarded frame: 17
Discarded frame: 18
Discarded frame: 19
Discarded frame: 20
Discarded frame: 21
Discarded frame: 22
Discarded frame: 23
Discarded frame: 24
Discarded frame: 25
Discarded frame: 26
Discarded frame: 27
Discarded frame: 28
Discarded frame: 29
Discarded frame: 30
Discarded frame: 31
Discarded frame: 32
Discarded frame: 33
Discarded frame: 34
Discarded frame: 35
Discarded frame: 36
Discarded frame: 37
Discarded frame: 38
Discarded frame: 39
Discarded frame: 40
Discarded frame: 41
Discarded frame: 42
Discarded frame: 43
Discarded frame: 44
Discarded frame: 45
Discarded frame: 46
Discarded frame: 47
Discarded frame: 48
Discarded frame: 49
Discarded frame: 50
Discarded frame: 51
Discarded frame: 52
Discarded frame: 53
Discarded frame: 54
Discarded frame: 297
Discarded frame: 295
Discarded frame: 55
Discarded frame: 56
Discarded frame: 57
Discarded frame: 58
Discarded frame: Discarded frame: 296298

Discarded frame: 59
Discarded frame: 60
Discarded frame: 61
Discarded frame: 62
Discarded frame: Discarded frame: 299297

Discarded frame: 63
Discarded frame: 64
Discarded frame: 65
Discarded frame: 66
Discarded frame: 300
Discarded frame: 298
Discarded frame: 67
Discarded frame: 68
Discarded frame: 69
Discarded frame: 70
Discarded frame: 301
Discarded frame: 299
Discarded frame: 71
Discarded frame: 72
Discarded frame: 73
Discarded frame: 74
Discarded frame: 302
Discarded frame: 300
Discarded frame: 75
Discarded frame: 76
Discarded frame: 77
Discarded frame: 78
Discarded frame: 303
Discarded frame: 301
Discarded frame: 79
Discarded frame: 80
Discarded frame: 81
Discarded frame: 82
Discarded frame: 304
Discarded frame: Discarded frame: 30283

Discarded frame: 84
Discarded frame: 85
Discarded frame: 86
Discarded frame: 305
Discarded frame: Discarded frame: 30387
Discarded frame: 
88
Discarded frame: 89
Discarded frame: 90
Discarded frame: 306
Discarded frame: 304
Discarded frame: 91
Discarded frame: 92
Discarded frame: 93
Discarded frame: 94
Discarded frame: 307
Discarded frame: 305
Discarded frame: 95
Discarded frame: 96
Discarded frame: 97
Discarded frame: 98
Discarded frame: 308
Discarded frame: Discarded frame: 30699

Discarded frame: 100
Discarded frame: 101
Discarded frame: 102
Discarded frame: 309
Discarded frame: 307
Discarded frame: 103
Discarded frame: 104
Discarded frame: 105
Discarded frame: 106
Discarded frame: 310
Discarded frame: 308
Discarded frame: 107
Discarded frame: 108
Discarded frame: 109
Discarded frame: 110
Discarded frame: 311
Discarded frame: Discarded frame: 309111

Discarded frame: 112
Discarded frame: 113
Discarded frame: 114
Discarded frame: 312
Discarded frame: 310
Discarded frame: 115
Discarded frame: 116
Discarded frame: 117
Discarded frame: 118
Discarded frame: 313
Discarded frame: 311
Discarded frame: 119
Discarded frame: 120
Discarded frame: 121
Discarded frame: 122
Discarded frame: 314
Discarded frame: Discarded frame: 123312

Discarded frame: 124
Discarded frame: 125
Discarded frame: 126
Discarded frame: 315
Discarded frame: 313
Discarded frame: 127
Discarded frame: 128
Discarded frame: 129
Discarded frame: 130
Discarded frame: 316
Discarded frame: 314Discarded frame: 
131
Discarded frame: 132
Discarded frame: 133
Discarded frame: 134
Discarded frame: 317
Discarded frame: Discarded frame: 135
Discarded frame: 315136

Discarded frame: 137
Discarded frame: 138
Discarded frame: 318
Discarded frame: 316
Discarded frame: 139
Discarded frame: 140
Discarded frame: 141
Discarded frame: 142
Discarded frame: 319
Discarded frame: 317
Discarded frame: 143
Discarded frame: 144
Discarded frame: 145
Discarded frame: 146
Discarded frame: 320
Discarded frame: 318
Discarded frame: 147
Discarded frame: 148
Discarded frame: 149
Discarded frame: 150
Discarded frame: 321
Discarded frame: 319
Discarded frame: 151
Discarded frame: 152
Discarded frame: 153
Discarded frame: 154
Discarded frame: 322
Discarded frame: 320
Discarded frame: 155
Discarded frame: 156
Discarded frame: 157
Discarded frame: 158
Discarded frame: 323
Discarded frame: 321
Discarded frame: 159
Discarded frame: 160
Discarded frame: 161
Discarded frame: 162
Discarded frame: 324
Discarded frame: 322
Discarded frame: 163
Discarded frame: 164
Discarded frame: 165
Discarded frame: 166
Discarded frame: 325
Discarded frame: 323
Discarded frame: 167
Discarded frame: 168
Discarded frame: 169
Discarded frame: 170
Discarded frame: 326
Discarded frame: 324
Discarded frame: 171
Discarded frame: 172
Discarded frame: 173
Discarded frame: 174
Discarded frame: 327
Discarded frame: 325
Discarded frame: 175
Discarded frame: 176
Discarded frame: 177
Discarded frame: 178
Discarded frame: 328
Discarded frame: 326
Discarded frame: 179
Discarded frame: 180
Discarded frame: 181
Discarded frame: 182
Discarded frame: 329
Discarded frame: 327
Discarded frame: 183
Discarded frame: 184
Discarded frame: 185
Discarded frame: 186
Discarded frame: 330
Discarded frame: 328
Discarded frame: 187
Discarded frame: 188
Discarded frame: 189
Discarded frame: 190
Discarded frame: 331
Discarded frame: 329
Discarded frame: 191
Discarded frame: 192
Discarded frame: 193
Discarded frame: 194
Discarded frame: 332
Discarded frame: 330Discarded frame: 
195
Discarded frame: 196
Discarded frame: 197
Discarded frame: 198
Discarded frame: 333
Discarded frame: 331
Discarded frame: 199
Discarded frame: 200
Discarded frame: 201
Discarded frame: 202
Discarded frame: 334
Discarded frame: 332Discarded frame: 
203
Discarded frame: 204
Discarded frame: 205
Discarded frame: 206
Discarded frame: 335
Discarded frame: 333
Discarded frame: 207
Discarded frame: 208
Discarded frame: 209
Discarded frame: 210
Discarded frame: 336
Discarded frame: 334
Discarded frame: 211
Discarded frame: 212
Discarded frame: 213
Discarded frame: 214
Discarded frame: 337
Discarded frame: 335
Discarded frame: 215
Discarded frame: 216
Discarded frame: 217
Discarded frame: 218
Discarded frame: 338
Discarded frame: 336
Discarded frame: 219
Discarded frame: 220
Discarded frame: 221
Discarded frame: 222
Discarded frame: 339
Discarded frame: 337
Discarded frame: 223
Discarded frame: 224
Discarded frame: 225
Discarded frame: 226
Discarded frame: 340
Discarded frame: 338
Discarded frame: 227
Discarded frame: 228
Discarded frame: 229
Discarded frame: 230
Discarded frame: 341
Discarded frame: 339
Discarded frame: 231
Discarded frame: 232
Discarded frame: 233
Discarded frame: 234
Discarded frame: 342
Discarded frame: 340
Discarded frame: 235
Discarded frame: 236
Discarded frame: 237
Discarded frame: 238
Discarded frame: 343
Discarded frame: 341
Discarded frame: 239
Discarded frame: 240
Discarded frame: 241
Discarded frame: 242
Discarded frame: 344
Discarded frame: 342
Discarded frame: 243
Discarded frame: 244
Discarded frame: 245
Discarded frame: 246
Discarded frame: 345
Discarded frame: 247
Discarded frame: 248
Discarded frame: 249
Discarded frame: 250
Discarded frame: 343
Discarded frame: 346
Discarded frame: Discarded frame: 344251

Discarded frame: 252
Discarded frame: 253
Discarded frame: 254
Discarded frame: 347
Discarded frame: 345
Discarded frame: 255
Discarded frame: 256
Discarded frame: 257
Discarded frame: 258
Discarded frame: 348
Discarded frame: 346Discarded frame: 
259
Discarded frame: 260
Discarded frame: 261
Discarded frame: 262
Discarded frame: 349
Discarded frame: 347
Discarded frame: 350
Discarded frame: 348Discarded frame: 
263
Discarded frame: 264
Discarded frame: 265
Discarded frame: 266
Discarded frame: 267
Discarded frame: 268
Discarded frame: 269
Discarded frame: 351
Discarded frame: 349
Discarded frame: 270
Discarded frame: 271
Discarded frame: 272
Discarded frame: 273
Discarded frame: 352
Discarded frame: 350
Discarded frame: 274
Discarded frame: 275
Discarded frame: 276
Discarded frame: 277
Discarded frame: 353
Discarded frame: 351
Discarded frame: 278
Discarded frame: 279
Discarded frame: 280
Discarded frame: 281
Discarded frame: 354
Discarded frame: 352
Discarded frame: 282
Discarded frame: 283
Discarded frame: 284
Discarded frame: 285
Discarded frame: 355
Discarded frame: 353
Discarded frame: 286
Discarded frame: 287
Discarded frame: 288
Discarded frame: 289
Discarded frame: 356
Discarded frame: 354
Discarded frame: 290
Discarded frame: 291
Discarded frame: 292
Discarded frame: 293
Discarded frame: 357
Discarded frame: 355
Discarded frame: 358
Discarded frame: 356
Discarded frame: 359
Discarded frame: 357
Discarded frame: 294
Discarded frame: 295
Discarded frame: 360
Discarded frame: 358
Discarded frame: 361
Discarded frame: 359
Discarded frame: 362
Discarded frame: 360
Discarded frame: 363
Discarded frame: 361
Discarded frame: 364
Discarded frame: 362
Discarded frame: 365
Discarded frame: 363
Discarded frame: 366
Discarded frame: 364
Discarded frame: 367
Discarded frame: 365
Discarded frame: 368
Discarded frame: 366
Discarded frame: 369
Discarded frame: 367
Discarded frame: 370
Discarded frame: 368
Discarded frame: 371
Discarded frame: 369
Discarded frame: 372
Discarded frame: 370
Discarded frame: 373
Discarded frame: 371
Discarded frame: 374
Discarded frame: 372
Discarded frame: 375
Discarded frame: 373
Discarded frame: 376
Discarded frame: 374
Discarded frame: 377
Discarded frame: 375
Discarded frame: 378
Discarded frame: 376
Discarded frame: 379
Discarded frame: 377
Discarded frame: 380
Discarded frame: 378
Discarded frame: 381
Discarded frame: 379
Discarded frame: 382
Discarded frame: 380
Discarded frame: 383
Discarded frame: 381
Discarded frame: 384
Discarded frame: 382
Discarded frame: 385
Discarded frame: 383
Discarded frame: 386
Discarded frame: 384
Discarded frame: 387
Discarded frame: 385
Discarded frame: 388
Discarded frame: 386
Discarded frame: 389
Discarded frame: 387
Discarded frame: 390
Discarded frame: 388
Discarded frame: 391
Discarded frame: 389
Discarded frame: 392
Discarded frame: 390
Discarded frame: 393
Discarded frame: 391
Discarded frame: 394
Discarded frame: 392
Discarded frame: 395
Discarded frame: 393
Discarded frame: 396
Discarded frame: 394
Discarded frame: 397
Discarded frame: 395
Discarded frame: 398
Discarded frame: 396
Discarded frame: 399
Discarded frame: 397
Discarded frame: 400
Discarded frame: 398
Discarded frame: 401
Discarded frame: 399
Discarded frame: 402
Discarded frame: 400
Discarded frame: 403
Discarded frame: 401
Discarded frame: 404
Discarded frame: 402
Discarded frame: 405
Discarded frame: 403
Discarded frame: 406
Discarded frame: 404
Discarded frame: 407
Discarded frame: 405
Discarded frame: 408
Discarded frame: 406
Discarded frame: 409
Discarded frame: 407
Discarded frame: 410
Discarded frame: 408
Discarded frame: 411
Discarded frame: 409
Discarded frame: 412
Discarded frame: 410
Discarded frame: 413
Discarded frame: 411
Discarded frame: 414
Discarded frame: 412
Discarded frame: 415
Discarded frame: 416
Discarded frame: 417
Discarded frame: 418
Discarded frame: 419
Discarded frame: 420
Discarded frame: 421
Discarded frame: 422
Discarded frame: 423
Discarded frame: 424
Discarded frame: 425
Discarded frame: 426
Discarded frame: 427
Discarded frame: 428
Discarded frame: 429
Discarded frame: 430
Discarded frame: 431
Discarded frame: 432
Discarded frame: 433
Discarded frame: 434
Discarded frame: 435
Discarded frame: 436
Discarded frame: 437
Discarded frame: 438
Discarded frame: 439
Discarded frame: 440
Discarded frame: 441
Discarded frame: 442
Discarded frame: 443
Discarded frame: 444
Discarded frame: 445
Discarded frame: 446
Discarded frame: 447
Discarded frame: 448
Discarded frame: 449
Discarded frame: 450
Discarded frame: 451
Discarded frame: 452
Discarded frame: 453
Discarded frame: 454
Discarded frame: 455
Discarded frame: 456
Discarded frame: 457
Discarded frame: 458
Discarded frame: 459
Discarded frame: 460
Discarded frame: 461
Discarded frame: 462
Discarded frame: 463
Discarded frame: 464
Discarded frame: 465
Discarded frame: 466
Discarded frame: 467
Discarded frame: 468
Discarded frame: 469
Discarded frame: 470
Discarded frame: 471
Discarded frame: 472
Discarded frame: 473
Discarded frame: 474
Discarded frame: 1
Discarded frame: 2
Discarded frame: 3
Discarded frame: 4
Discarded frame: 5
Discarded frame: 6
Discarded frame: 7
Discarded frame: 8
Discarded frame: 9
Discarded frame: 10
Discarded frame: 11
Discarded frame: 12
Discarded frame: 13
Discarded frame: 14
Discarded frame: 15
Discarded frame: 16
Discarded frame: 17
Discarded frame: 18
Discarded frame: 19
Discarded frame: 20
Discarded frame: 21
Discarded frame: 22
Discarded frame: 23
Discarded frame: 24
Discarded frame: 25
Discarded frame: 26
Discarded frame: 27
Discarded frame: 28
Discarded frame: 29
Discarded frame: 30
Discarded frame: 31
Discarded frame: 32
Discarded frame: 33
Discarded frame: 34
Discarded frame: 35
Discarded frame: 36
Discarded frame: 37
Discarded frame: 38
Discarded frame: 39
Discarded frame: 40
Discarded frame: 41
Discarded frame: 42
Discarded frame: 43
Discarded frame: 44
Discarded frame: 45
Discarded frame: 46
Discarded frame: 47
Discarded frame: 48
Discarded frame: 49
Discarded frame: 50
Discarded frame: 51
Discarded frame: 52
Discarded frame: 53
Discarded frame: 54
Discarded frame: 55
Discarded frame: 56
Discarded frame: 57
Discarded frame: 58
Discarded frame: 59
Discarded frame: 60
Discarded frame: 61
Discarded frame: 62
Discarded frame: 63
Discarded frame: 64
Discarded frame: 65
Discarded frame: 66
Discarded frame: 67
Discarded frame: 68
Discarded frame: 69
Discarded frame: 70
Discarded frame: 71
Discarded frame: 72
Discarded frame: 73
Discarded frame: 74
Discarded frame: 75
Discarded frame: 76
Discarded frame: 77
Discarded frame: 78
Discarded frame: 79
Discarded frame: 80
Discarded frame: 81
Discarded frame: 82
Discarded frame: 83
Discarded frame: 84
Discarded frame: 85
Discarded frame: 86
Discarded frame: 87
Discarded frame: 88
Discarded frame: 89
Discarded frame: 90
Discarded frame: 91
Discarded frame: 92
Discarded frame: 93
Discarded frame: 94
Discarded frame: 95
Discarded frame: 96
Discarded frame: 97
Discarded frame: 98
Discarded frame: 99
Discarded frame: 100
Discarded frame: 101
Discarded frame: 102
Discarded frame: 103
Discarded frame: 103
Discarded frame: 104
Discarded frame: 103
Discarded frame: 105
Discarded frame: 104
Discarded frame: 106
Discarded frame: 105
Discarded frame: 107
Discarded frame: 106
Discarded frame: 108
Discarded frame: 107
Discarded frame: 109
Discarded frame: 108
Discarded frame: 110
Discarded frame: 109
Discarded frame: 111
Discarded frame: 110
Discarded frame: 112
Discarded frame: 111
Discarded frame: 113
Discarded frame: 112
Discarded frame: 114
Discarded frame: 113
Discarded frame: 115
Discarded frame: 114
Discarded frame: 116
Discarded frame: 115
Discarded frame: 117
Discarded frame: 116
Discarded frame: 118
Discarded frame: 117
Discarded frame: 119
Discarded frame: 118
Discarded frame: 120
Discarded frame: 119
Discarded frame: 121
Discarded frame: 120
Discarded frame: 122
Discarded frame: 121
Discarded frame: 123
Discarded frame: 122
Discarded frame: 124
Discarded frame: 123
Discarded frame: 125
Discarded frame: 124
Discarded frame: 126
Discarded frame: 125
Discarded frame: 127
Discarded frame: 126
Discarded frame: 128
Discarded frame: 127
Discarded frame: 129
Discarded frame: 128
Discarded frame: 130
Discarded frame: 129
Discarded frame: 131
Discarded frame: 130
Discarded frame: 132
Discarded frame: 131
Discarded frame: 133
Discarded frame: 132
Discarded frame: 134
Discarded frame: 133
Discarded frame: 135
Discarded frame: 134
Discarded frame: 136
Discarded frame: 135
Discarded frame: 137
Discarded frame: 136
Discarded frame: 138
Discarded frame: 137
Discarded frame: 139
Discarded frame: 138
Discarded frame: 1
Discarded frame: 2
Discarded frame: 3
Discarded frame: 4
Discarded frame: 140
Discarded frame: Discarded frame: 5139

Discarded frame: 6
Discarded frame: 7
Discarded frame: 8
Discarded frame: 141
Discarded frame: 140
Discarded frame: 9
Discarded frame: 10
Discarded frame: 11
Discarded frame: 12
Discarded frame: 142
Discarded frame: 141
Discarded frame: 13
Discarded frame: 14
Discarded frame: 15
Discarded frame: 16
Discarded frame: 143
Discarded frame: Discarded frame: 142
17
Discarded frame: 18
Discarded frame: 19
Discarded frame: 20
Discarded frame: 144
Discarded frame: 143Discarded frame: 
21
Discarded frame: 22
Discarded frame: 23
Discarded frame: 24
Discarded frame: 145
Discarded frame: 144
Discarded frame: 25
Discarded frame: 26
Discarded frame: 27
Discarded frame: 28
Discarded frame: 146
Discarded frame: Discarded frame: 14529

Discarded frame: 30
Discarded frame: 31
Discarded frame: 32
Discarded frame: 147
Discarded frame: 146
Discarded frame: 33
Discarded frame: 34
Discarded frame: 35
Discarded frame: 36
Discarded frame: 148
Discarded frame: 147
Discarded frame: 37
Discarded frame: 38
Discarded frame: 39
Discarded frame: 40
Discarded frame: 149
Discarded frame: 148
Discarded frame: 41
Discarded frame: 42
Discarded frame: 43
Discarded frame: 44
Discarded frame: 150
Discarded frame: 149
Discarded frame: 45
Discarded frame: 46
Discarded frame: 47
Discarded frame: 48
Discarded frame: 151
Discarded frame: 150
Discarded frame: 49
Discarded frame: 50
Discarded frame: 51
Discarded frame: 52
Discarded frame: 152
Discarded frame: 151
Discarded frame: 53
Discarded frame: 54
Discarded frame: 55
Discarded frame: 56
Discarded frame: 153
Discarded frame: 152
Discarded frame: 57
Discarded frame: 58
Discarded frame: 59
Discarded frame: 60
Discarded frame: 154
Discarded frame: 153
Discarded frame: 61
Discarded frame: 62
Discarded frame: 63
Discarded frame: 64
Discarded frame: 155
Discarded frame: 154
Discarded frame: 65
Discarded frame: 66
Discarded frame: 67
Discarded frame: 68
Discarded frame: 156
Discarded frame: 155
Discarded frame: 69
Discarded frame: 70
Discarded frame: 71
Discarded frame: 72
Discarded frame: 157
Discarded frame: 156
Discarded frame: 73
Discarded frame: 74
Discarded frame: 75
Discarded frame: 76
Discarded frame: 158
Discarded frame: 157
Discarded frame: 77
Discarded frame: 78
Discarded frame: 79
Discarded frame: 80
Discarded frame: 159
Discarded frame: 158
Discarded frame: 160
Discarded frame: 159
Discarded frame: 81
Discarded frame: 82
Discarded frame: 83
Discarded frame: 84
Discarded frame: 85
Discarded frame: 86
Discarded frame: 87
Discarded frame: 161
Discarded frame: 160
Discarded frame: 88
Discarded frame: 89
Discarded frame: 90
Discarded frame: 91
Discarded frame: 162
Discarded frame: 161
Discarded frame: 92
Discarded frame: 93
Discarded frame: 94
Discarded frame: 95
Discarded frame: 163
Discarded frame: 162
Discarded frame: 96
Discarded frame: 97
Discarded frame: 98
Discarded frame: 99
Discarded frame: 164
Discarded frame: 163
Discarded frame: 100
Discarded frame: 101
Discarded frame: 102
Discarded frame: 165
Discarded frame: 164
Discarded frame: 166
Discarded frame: 165
Discarded frame: 167
Discarded frame: 166
Discarded frame: 168
Discarded frame: 167
Discarded frame: 169
Discarded frame: 168
Discarded frame: 170
Discarded frame: 169
Discarded frame: 171
Discarded frame: 170
Discarded frame: 172
Discarded frame: 171
Discarded frame: 173
Discarded frame: 172
Discarded frame: 174
Discarded frame: 173
Discarded frame: 175
Discarded frame: 174
Discarded frame: 176
Discarded frame: 175
Discarded frame: 177
Discarded frame: 176
Discarded frame: 178
Discarded frame: 177
Discarded frame: 179
Discarded frame: 178
Discarded frame: 180
Discarded frame: 179
Discarded frame: 181
Discarded frame: 180
Discarded frame: 182
Discarded frame: 181
Discarded frame: 183
Discarded frame: 184Discarded frame: 
103
Discarded frame: 104
Discarded frame: 105
Discarded frame: 106
Discarded frame: 107
Discarded frame: 108
Discarded frame: 109
Discarded frame: 110
Discarded frame: 111
Discarded frame: 112
Discarded frame: 113
Discarded frame: 114
Discarded frame: 115
Discarded frame: 116
Discarded frame: 117
Discarded frame: 118
Discarded frame: 185
Discarded frame: 119Discarded frame: 
186
Discarded frame: 187
Discarded frame: 120
Discarded frame: 188
Discarded frame: 189
Discarded frame: 121
Discarded frame: 190
Discarded frame: 191
Discarded frame: 182
Discarded frame: 192
Discarded frame: 183
Discarded frame: 193
Discarded frame: 184
Discarded frame: 194
Discarded frame: 185
Discarded frame: 195
Discarded frame: 186
Discarded frame: 196
Discarded frame: 187
Discarded frame: 197
Discarded frame: 188
Discarded frame: 198
Discarded frame: 189
Discarded frame: 190
Discarded frame: 103
Discarded frame: 104
Discarded frame: 105
Discarded frame: 106
Discarded frame: 107
Discarded frame: 108
Discarded frame: 109
Discarded frame: 110
Discarded frame: 111
Discarded frame: 112
Discarded frame: 113
Discarded frame: 114
Discarded frame: 115
Discarded frame: 116
Discarded frame: 117
Discarded frame: 118
Discarded frame: 119
Discarded frame: 120
Discarded frame: 121
Discarded frame: 122
Discarded frame: 123
Discarded frame: 124
Discarded frame: 125
Discarded frame: 126
Discarded frame: 127
Discarded frame: 128
Discarded frame: 129
Discarded frame: 130
Discarded frame: 131
Discarded frame: 199
Discarded frame: 122
Discarded frame: 123
Discarded frame: 124
Discarded frame: 125
Discarded frame: 126
Discarded frame: 127
Discarded frame: 128
Discarded frame: 129
Discarded frame: 130
Discarded frame: 191
Discarded frame: 132
Discarded frame: 192
Discarded frame: 193
Discarded frame: 133
Discarded frame: 194
Discarded frame: 195
Discarded frame: 134
Discarded frame: 200
Discarded frame: 131
Discarded frame: 132
Discarded frame: 133
Discarded frame: 196
Discarded frame: 135
Discarded frame: 197
Discarded frame: 198
Discarded frame: 136
Discarded frame: 199
Discarded frame: 201
Discarded frame: 200
Discarded frame: 202
Discarded frame: 201
Discarded frame: 203
Discarded frame: 202
Discarded frame: 204
Discarded frame: 203
Discarded frame: 205
Discarded frame: 204
Discarded frame: 206
Discarded frame: 205
Discarded frame: 207
Discarded frame: 206
Discarded frame: 208
Discarded frame: 207
Discarded frame: 209
Discarded frame: 208
Discarded frame: 210
Discarded frame: 209
Discarded frame: 211
Discarded frame: 210
Discarded frame: 212
Discarded frame: 211
Discarded frame: 213
Discarded frame: 212
Discarded frame: 214
Discarded frame: 213
Discarded frame: 215
Discarded frame: 214
Discarded frame: 216
Discarded frame: 215
Discarded frame: 217
Discarded frame: 216
Discarded frame: 218
Discarded frame: 217
Discarded frame: 219
Discarded frame: 218
Discarded frame: 220
Discarded frame: 219
Discarded frame: 221
Discarded frame: 220
Discarded frame: 222
Discarded frame: 221
Discarded frame: 223
Discarded frame: 222
Discarded frame: 224
Discarded frame: 223
Discarded frame: 225
Discarded frame: 224
Discarded frame: 226
Discarded frame: 225
Discarded frame: 227
Discarded frame: 226
Discarded frame: 228
Discarded frame: 227
Discarded frame: 229
Discarded frame: 228
Discarded frame: 230
Discarded frame: 229
Discarded frame: 231
Discarded frame: 230
Discarded frame: 232
Discarded frame: 231
Discarded frame: 233
Discarded frame: 232
Discarded frame: 234
Discarded frame: 233
Discarded frame: 235
Discarded frame: 234
Discarded frame: 236
Discarded frame: 235
Discarded frame: 237
Discarded frame: 236
Discarded frame: 238
Discarded frame: 237
Discarded frame: 239
Discarded frame: 238
Discarded frame: 240
Discarded frame: 239
Discarded frame: 241
Discarded frame: 240
Discarded frame: 242
Discarded frame: 241
Discarded frame: 243
Discarded frame: 242
Discarded frame: 244
Discarded frame: 243
Discarded frame: 245
Discarded frame: 244
Discarded frame: 246
Discarded frame: 245
Discarded frame: 247
Discarded frame: 246
Discarded frame: 137
Discarded frame: 138
Discarded frame: 139
Discarded frame: 140
Discarded frame: 141
Discarded frame: 142
Discarded frame: 143
Discarded frame: 144
Discarded frame: 145
Discarded frame: 146
Discarded frame: 147
Discarded frame: 148
Discarded frame: 149
Discarded frame: 150
Discarded frame: 151
Discarded frame: 152
Discarded frame: 153
Discarded frame: 154
Discarded frame: 155
Discarded frame: 156
Discarded frame: 157
Discarded frame: 158
Discarded frame: 159
Discarded frame: 160
Discarded frame: 161
Discarded frame: 162
Discarded frame: 163
Discarded frame: 164
Discarded frame: 165
Discarded frame: 166
Discarded frame: 167
Discarded frame: 168
Discarded frame: 169
Discarded frame: 170
Discarded frame: 171
Discarded frame: 172
Discarded frame: 173
Discarded frame: 174
Discarded frame: 175
Discarded frame: 176
Discarded frame: 177
Discarded frame: 178
Discarded frame: 179
Discarded frame: 180
Discarded frame: 181
Discarded frame: 182
Discarded frame: 183
Discarded frame: 184
Discarded frame: 248
Discarded frame: Discarded frame: 185
247Discarded frame: 
186
Discarded frame: 249
Discarded frame: 248
Discarded frame: 187
Discarded frame: 188
Discarded frame: 250
Discarded frame: 249
Discarded frame: 189
Discarded frame: 190
Discarded frame: 251
Discarded frame: 250
Discarded frame: 252
Discarded frame: 251
Discarded frame: 253
Discarded frame: 252
Discarded frame: 254
Discarded frame: 253
Discarded frame: 255
Discarded frame: 254
Discarded frame: 256
Discarded frame: 255
Discarded frame: 257
Discarded frame: 256
Discarded frame: 258
Discarded frame: 257
Discarded frame: 259
Discarded frame: 134
Discarded frame: 135
Discarded frame: 136
Discarded frame: 137
Discarded frame: 138
Discarded frame: 139
Discarded frame: 140
Discarded frame: 141
Discarded frame: 142
Discarded frame: 143
Discarded frame: 144
Discarded frame: 145
Discarded frame: 146
Discarded frame: 147
Discarded frame: 148
Discarded frame: 149
Discarded frame: 150
Discarded frame: 151
Discarded frame: 152
Discarded frame: 153
Discarded frame: 154
Discarded frame: 155
Discarded frame: 156
Discarded frame: 157
Discarded frame: 158
Discarded frame: 159
Discarded frame: 160
Discarded frame: 161
Discarded frame: 162
Discarded frame: 163
Discarded frame: 164
Discarded frame: 165
Discarded frame: 166
Discarded frame: 167
Discarded frame: 168
Discarded frame: 169
Discarded frame: 170
Discarded frame: 171
Discarded frame: 172
Discarded frame: 173
Discarded frame: 174
Discarded frame: 175
Discarded frame: 176
Discarded frame: 177
Discarded frame: 178
Discarded frame: 179
Discarded frame: 180
Discarded frame: 181
Discarded frame: 182
Discarded frame: 183
Discarded frame: 184
Discarded frame: 185
Discarded frame: 186
Discarded frame: 187
Discarded frame: 188
Discarded frame: 189
Discarded frame: 190
Discarded frame: Discarded frame: 191
258Discarded frame: 
192
Discarded frame: 193
Discarded frame: 194
Discarded frame: 195
Discarded frame: 196
Discarded frame: 197
Discarded frame: 198
Discarded frame: 199
Discarded frame: 191Discarded frame: 
260
Discarded frame: 259
Discarded frame: Discarded frame: 261192

Discarded frame: 193
Discarded frame: 260
Discarded frame: 262Discarded frame: 
194
Discarded frame: 195
Discarded frame: Discarded frame: 261200

Discarded frame: Discarded frame: 196263

Discarded frame: 262
Discarded frame: 264Discarded frame: 
197
Discarded frame: 198
Discarded frame: 263
Discarded frame: 265
Discarded frame: 264
Discarded frame: 266
Discarded frame: 265
Discarded frame: 267
Discarded frame: 266
Discarded frame: 268
Discarded frame: 267
Discarded frame: 269
Discarded frame: 268
Discarded frame: 270
Discarded frame: 269
Discarded frame: 271
Discarded frame: 270
Discarded frame: 272
Discarded frame: 273
Discarded frame: 274
Discarded frame: 275
Discarded frame: 276
Discarded frame: 277
Discarded frame: 278
Discarded frame: 279
Discarded frame: 280
Discarded frame: 281
Discarded frame: 282
Discarded frame: 283
Discarded frame: 284
Discarded frame: 285
Discarded frame: 286
Discarded frame: 287
Discarded frame: 288
Discarded frame: 289
Discarded frame: 290
Discarded frame: 291
Discarded frame: 292
Discarded frame: 293
Discarded frame: 294
Discarded frame: 295
Discarded frame: 296
Discarded frame: 297
Discarded frame: 1
Discarded frame: 2
Discarded frame: 3
Discarded frame: 4
Discarded frame: 5
Discarded frame: 6
Discarded frame: 7
Discarded frame: 8
Discarded frame: 9
Discarded frame: 10
Discarded frame: 11
Discarded frame: 12
Discarded frame: 13
Discarded frame: 14
Discarded frame: 15
Discarded frame: 16
Discarded frame: 17
Discarded frame: 18
Discarded frame: 19
Discarded frame: 20
Discarded frame: 21
Discarded frame: 22
Discarded frame: 23
Discarded frame: 24
Discarded frame: 25
Discarded frame: 26
Discarded frame: 27
Discarded frame: 28
Discarded frame: 29
Discarded frame: 30
Discarded frame: 31
Discarded frame: 32
Discarded frame: 33
Discarded frame: 34
Discarded frame: 35
Discarded frame: 36
Discarded frame: 37
Discarded frame: 38
Discarded frame: 39
Discarded frame: 40
Discarded frame: 41
Discarded frame: 42
Discarded frame: 43
Discarded frame: 44
Discarded frame: 45
Discarded frame: 46
Discarded frame: 47
Discarded frame: 48
Discarded frame: 49
Discarded frame: 50
Discarded frame: 51
Discarded frame: 52
Discarded frame: 53
Discarded frame: 54
Discarded frame: 55
Discarded frame: 56
Discarded frame: 57
Discarded frame: 58
Discarded frame: 59
Discarded frame: 60
Discarded frame: 61
Discarded frame: 62
Discarded frame: 63
Discarded frame: 64
Discarded frame: 65
Discarded frame: 66
Discarded frame: 67
Discarded frame: 68
Discarded frame: 69
Discarded frame: 70
Discarded frame: 71
Discarded frame: 72
Discarded frame: 73
Discarded frame: 74
Discarded frame: 75
Discarded frame: 76
Discarded frame: 77
Discarded frame: 77
Discarded frame: 78
Discarded frame: 77
Discarded frame: 79
Discarded frame: 78
Discarded frame: 80
Discarded frame: 79
Discarded frame: 81
Discarded frame: 80
Discarded frame: 82
Discarded frame: 81
Discarded frame: 83
Discarded frame: 82
Discarded frame: 84
Discarded frame: 83
Discarded frame: 85
Discarded frame: 84
Discarded frame: 86
Discarded frame: 85
Discarded frame: 87
Discarded frame: 86
Discarded frame: 88
Discarded frame: 87
Discarded frame: 89
Discarded frame: 88
Discarded frame: 90
Discarded frame: 89
Discarded frame: 91
Discarded frame: 90
Discarded frame: 92
Discarded frame: 91
Discarded frame: 93
Discarded frame: 92
Discarded frame: 94
Discarded frame: 93
Discarded frame: 95
Discarded frame: 94
Discarded frame: 96
Discarded frame: 95
Discarded frame: 97
Discarded frame: 96
Discarded frame: 98
Discarded frame: 97
Discarded frame: 99
Discarded frame: 98
Discarded frame: 100
Discarded frame: 99
Discarded frame: 101
Discarded frame: 100
Discarded frame: 102
Discarded frame: 101
Discarded frame: 103
Discarded frame: 102
Discarded frame: 104
Discarded frame: 103
Discarded frame: 105
Discarded frame: 104
Discarded frame: 106
Discarded frame: 105
Discarded frame: 107
Discarded frame: 106
Discarded frame: 108
Discarded frame: 107
Discarded frame: 109
Discarded frame: 108
Discarded frame: 110
Discarded frame: 109
Discarded frame: 111
Discarded frame: 110
Discarded frame: 112
Discarded frame: 111
Discarded frame: 113
Discarded frame: 112
Discarded frame: 114
Discarded frame: 113
Discarded frame: 115
Discarded frame: 114
Discarded frame: 116
Discarded frame: 115
Discarded frame: 117
Discarded frame: 116
Discarded frame: 118
Discarded frame: 117
Discarded frame: 119
Discarded frame: 118
Discarded frame: 1
Discarded frame: 2
Discarded frame: 120
Discarded frame: Discarded frame: 3119

Discarded frame: 4
Discarded frame: 5
Discarded frame: 6
Discarded frame: 121
Discarded frame: 120
Discarded frame: 7
Discarded frame: 8
Discarded frame: 9
Discarded frame: 10
Discarded frame: 122
Discarded frame: 121
Discarded frame: 11
Discarded frame: 12
Discarded frame: 13
Discarded frame: 14
Discarded frame: 123
Discarded frame: Discarded frame: 12215

Discarded frame: 16
Discarded frame: 17
Discarded frame: 18
Discarded frame: 124
Discarded frame: 123
Discarded frame: 19
Discarded frame: 20
Discarded frame: 21
Discarded frame: 22
Discarded frame: 125
Discarded frame: 124
Discarded frame: 23
Discarded frame: 24
Discarded frame: 25
Discarded frame: 26
Discarded frame: 126
Discarded frame: 125Discarded frame: 
27
Discarded frame: 28
Discarded frame: 29
Discarded frame: 30
Discarded frame: 127
Discarded frame: 126
Discarded frame: 31
Discarded frame: 32
Discarded frame: 33
Discarded frame: 34
Discarded frame: 128
Discarded frame: 127Discarded frame: 
35
Discarded frame: 36
Discarded frame: 37
Discarded frame: 38
Discarded frame: 129
Discarded frame: 128
Discarded frame: 39
Discarded frame: 40
Discarded frame: 41
Discarded frame: 42
Discarded frame: 130
Discarded frame: 129
Discarded frame: 43
Discarded frame: 44
Discarded frame: 45
Discarded frame: 46
Discarded frame: 131
Discarded frame: 130
Discarded frame: 47
Discarded frame: 48
Discarded frame: 49
Discarded frame: 50
Discarded frame: 132
Discarded frame: 131
Discarded frame: 133
Discarded frame: 132
Discarded frame: 51
Discarded frame: 52
Discarded frame: 53
Discarded frame: 54
Discarded frame: 55
Discarded frame: 56
Discarded frame: 57
Discarded frame: 134
Discarded frame: Discarded frame: 13358

Discarded frame: 59
Discarded frame: 60
Discarded frame: 61
Discarded frame: 135
Discarded frame: 134
Discarded frame: 62
Discarded frame: 63
Discarded frame: 64
Discarded frame: 65
Discarded frame: 136
Discarded frame: 135
Discarded frame: 66
Discarded frame: 67
Discarded frame: 68
Discarded frame: 69
Discarded frame: 137
Discarded frame: 136
Discarded frame: 70
Discarded frame: 71
Discarded frame: 72
Discarded frame: 73
Discarded frame: 138
Discarded frame: 137
Discarded frame: 74
Discarded frame: 75
Discarded frame: 76
Discarded frame: 139
Discarded frame: 138
Discarded frame: 140
Discarded frame: 139
Discarded frame: 141
Discarded frame: 140
Discarded frame: 142
Discarded frame: 141
Discarded frame: 143
Discarded frame: 142
Discarded frame: 144
Discarded frame: 143
Discarded frame: 145
Discarded frame: 144
Discarded frame: 146
Discarded frame: 145
Discarded frame: 147
Discarded frame: 146
Discarded frame: 148
Discarded frame: 147
Discarded frame: 149
Discarded frame: 148
Discarded frame: 150
Discarded frame: 149
Discarded frame: 151
Discarded frame: 150
Discarded frame: 152
Discarded frame: 151
Discarded frame: 153
Discarded frame: 152
Discarded frame: 154
Discarded frame: 153
Discarded frame: 155
Discarded frame: 154
Discarded frame: 156
Discarded frame: 155
Discarded frame: 157
Discarded frame: 156
Discarded frame: 158
Discarded frame: 157
Discarded frame: 159
Discarded frame: 158
Discarded frame: 160
Discarded frame: 159
Discarded frame: 161
Discarded frame: 160
Discarded frame: 162
Discarded frame: 161
Discarded frame: 163
Discarded frame: 162
Discarded frame: 164
Discarded frame: 163
Discarded frame: 165
Discarded frame: 164
Discarded frame: 166
Discarded frame: 165
Discarded frame: 167
Discarded frame: 166
Discarded frame: 168
Discarded frame: 167
Discarded frame: 169
Discarded frame: 168
Discarded frame: 170
Discarded frame: 169
Discarded frame: 171
Discarded frame: 170
Discarded frame: 172
Discarded frame: 171
Discarded frame: 173
Discarded frame: 172
Discarded frame: 174
Discarded frame: 173
Discarded frame: 175
Discarded frame: 174
Discarded frame: 176
Discarded frame: 175
Discarded frame: 177
Discarded frame: 176
Discarded frame: 178
Discarded frame: 177
Discarded frame: 179
Discarded frame: 178
Discarded frame: 180
Discarded frame: 179
Discarded frame: 181
Discarded frame: 180
Discarded frame: 182
Discarded frame: 181
Discarded frame: 183
Discarded frame: 182
Discarded frame: 184
Discarded frame: 183
Discarded frame: 185
Discarded frame: 184
Discarded frame: 186
Discarded frame: 185
Discarded frame: 187
Discarded frame: 186
Discarded frame: 188
Discarded frame: 187
Discarded frame: 189
Discarded frame: 188
Discarded frame: 190
Discarded frame: 189
Discarded frame: 191
Discarded frame: 190
Discarded frame: 192
Discarded frame: 191
Discarded frame: 193
Discarded frame: 192
Discarded frame: 194
Discarded frame: 193
Discarded frame: 195
Discarded frame: 194
Discarded frame: 196
Discarded frame: 195
Discarded frame: 197
Discarded frame: 196
Discarded frame: 198
Discarded frame: 197
Discarded frame: 199
Discarded frame: 198
Discarded frame: 200
Discarded frame: 199
Discarded frame: 201
Discarded frame: 200
Discarded frame: 202
Discarded frame: 201
Discarded frame: 203
Discarded frame: 202
Discarded frame: 204
Discarded frame: 203
Discarded frame: 205
Discarded frame: 204
Discarded frame: 206
Discarded frame: 205
Discarded frame: 207
Discarded frame: 206
Discarded frame: 208
Discarded frame: 207
Discarded frame: 209
Discarded frame: 208
Discarded frame: 210
Discarded frame: 209
Discarded frame: 211
Discarded frame: 210
Discarded frame: 212
Discarded frame: 211
Discarded frame: 213
Discarded frame: 212
Discarded frame: 214
Discarded frame: 213
Discarded frame: 215
Discarded frame: 214
Discarded frame: 216
Discarded frame: 215
Discarded frame: 217
Discarded frame: 216
Discarded frame: 218
Discarded frame: 217
Discarded frame: 219
Discarded frame: 218
Discarded frame: 220
Discarded frame: 219
Discarded frame: 221
Discarded frame: 220
Discarded frame: 222
Discarded frame: 221
Discarded frame: 223
Discarded frame: 222
Discarded frame: 224
Discarded frame: 223
Discarded frame: 225
Discarded frame: 224
Discarded frame: 226
Discarded frame: 225
Discarded frame: 227
Discarded frame: 226
Discarded frame: 228
Discarded frame: 227
Discarded frame: 229
Discarded frame: 228
Discarded frame: 230
Discarded frame: 229
Discarded frame: 231
Discarded frame: 230
Discarded frame: 232
Discarded frame: 231
Discarded frame: 233
Discarded frame: 232
Discarded frame: 234
Discarded frame: 233
Discarded frame: 235
Discarded frame: 234
Discarded frame: 236
Discarded frame: 235
Discarded frame: 237
Discarded frame: 236
Discarded frame: 238
Discarded frame: 237
Discarded frame: 239
Discarded frame: 238
Discarded frame: 240
Discarded frame: 239
Discarded frame: 241
Discarded frame: 240
Discarded frame: 242
Discarded frame: 241
Discarded frame: 243
Discarded frame: 242
Discarded frame: 244
Discarded frame: 243
Discarded frame: 245
Discarded frame: 244
Discarded frame: 246
Discarded frame: 245
Discarded frame: 247
Discarded frame: 246
Discarded frame: 248
Discarded frame: 247
Discarded frame: 249
Discarded frame: 248
Discarded frame: 250
Discarded frame: 249
Discarded frame: 251
Discarded frame: 250
Discarded frame: 252
Discarded frame: 251
Discarded frame: 253
Discarded frame: 252
Discarded frame: 254
Discarded frame: 253
Discarded frame: 255
Discarded frame: 254
Discarded frame: 256
Discarded frame: 255
Discarded frame: 257
Discarded frame: 256
Discarded frame: 258
Discarded frame: 257
Discarded frame: 259
Discarded frame: 258
Discarded frame: 260
Discarded frame: 259
Discarded frame: 261
Discarded frame: 260
Discarded frame: 262
Discarded frame: 261
Discarded frame: 263
Discarded frame: 262
Discarded frame: 264
Discarded frame: 263
Discarded frame: 265
Discarded frame: 264
Discarded frame: 266
Discarded frame: 265
Discarded frame: 267
Discarded frame: 266
Discarded frame: 268
Discarded frame: 267
Discarded frame: 269
Discarded frame: 268
Discarded frame: 270
Discarded frame: 269
Discarded frame: 271
Discarded frame: 270
Discarded frame: 272
Discarded frame: 271
Discarded frame: 273
Discarded frame: 272
Discarded frame: 274
Discarded frame: 273
Discarded frame: 275
Discarded frame: 274
Discarded frame: 276
Discarded frame: 275
Discarded frame: 277
Discarded frame: 276
Discarded frame: 278
Discarded frame: 277
Discarded frame: 279
Discarded frame: 278
Discarded frame: 280
Discarded frame: 279
Discarded frame: 281
Discarded frame: 280
Discarded frame: 282
Discarded frame: 281
Discarded frame: 283
Discarded frame: 282
Discarded frame: 284
Discarded frame: 283
Discarded frame: 285
Discarded frame: 284
Discarded frame: 286
Discarded frame: 285
Discarded frame: 287
Discarded frame: 286
Discarded frame: 288
Discarded frame: 287
Discarded frame: 289
Discarded frame: 288
Discarded frame: 290
Discarded frame: 289
Discarded frame: 291
Discarded frame: 290
Discarded frame: 292
Discarded frame: 291
Discarded frame: 293
Discarded frame: 292
Discarded frame: 294
Discarded frame: 293
Discarded frame: 295
Discarded frame: 294
Discarded frame: 296
Discarded frame: 295
Discarded frame: 297
Discarded frame: 296
Discarded frame: 298
Discarded frame: 297
Discarded frame: 299
Discarded frame: 298
Discarded frame: 300
Discarded frame: 299
Discarded frame: 301
Discarded frame: 300
Discarded frame: 302
Discarded frame: 301
Discarded frame: 303
Discarded frame: 302
Discarded frame: 304
Discarded frame: 303
Discarded frame: 305
Discarded frame: 304
Discarded frame: 306
Discarded frame: 305
Discarded frame: 307
Discarded frame: 306
Discarded frame: 308
Discarded frame: 307
Discarded frame: 309
Discarded frame: 308
Discarded frame: 310
Discarded frame: 309
Discarded frame: 311
Discarded frame: 310
Discarded frame: 312
Discarded frame: 311
Discarded frame: 313
Discarded frame: 312
Discarded frame: 314
Discarded frame: 313
Discarded frame: 315
Discarded frame: 314
Discarded frame: 316
Discarded frame: 315
Discarded frame: 317
Discarded frame: 316
Discarded frame: 318
Discarded frame: 317
Discarded frame: 319
Discarded frame: 318
Discarded frame: 320
Discarded frame: 319
Discarded frame: 321
Discarded frame: 320
Discarded frame: 322
Discarded frame: 321
Discarded frame: 323
Discarded frame: 322
Discarded frame: 324
Discarded frame: 323
Discarded frame: 325
Discarded frame: 324
Discarded frame: 326
Discarded frame: 325
Discarded frame: 327
Discarded frame: 326
Discarded frame: 328
Discarded frame: 327
Discarded frame: 329
Discarded frame: 328
Discarded frame: 330
Discarded frame: 329
Discarded frame: 331
Discarded frame: 330
Discarded frame: 332
Discarded frame: 331
Discarded frame: 333
Discarded frame: 332
Discarded frame: 334
Discarded frame: 333
Discarded frame: 335
Discarded frame: 334
Discarded frame: 336
Discarded frame: 335
Discarded frame: 337
Discarded frame: 336
Discarded frame: 338
Discarded frame: 337
Discarded frame: 339
Discarded frame: 338
Discarded frame: 340
Discarded frame: 339
Discarded frame: 341
Discarded frame: 340
Discarded frame: 342
Discarded frame: 341
Discarded frame: 343
Discarded frame: 342
Discarded frame: 344
Discarded frame: 343
Discarded frame: 345
Discarded frame: 344
Discarded frame: 346
Discarded frame: 345
Discarded frame: 347
Discarded frame: 346
Discarded frame: 348
Discarded frame: 347
Discarded frame: 349
Discarded frame: 348
Discarded frame: 350
Discarded frame: 349
Discarded frame: 351
Discarded frame: 350
Discarded frame: 352
Discarded frame: 351
Discarded frame: 353
Discarded frame: 352
Discarded frame: 354
Discarded frame: 353
Discarded frame: 355
Discarded frame: 354
Discarded frame: 356
Discarded frame: 355
Discarded frame: 357
Discarded frame: 356
Discarded frame: 358
Discarded frame: 357
Discarded frame: 359
Discarded frame: 358
Discarded frame: 360
Discarded frame: 359
Discarded frame: 361
Discarded frame: 360
Discarded frame: 362
Discarded frame: 361
Discarded frame: 363
Discarded frame: 362
Discarded frame: 364
Discarded frame: 363
Discarded frame: 365
Discarded frame: 364
Discarded frame: 366
Discarded frame: 365
Discarded frame: 367
Discarded frame: 366
Discarded frame: 368
Discarded frame: 367
Discarded frame: 369
Discarded frame: 368
Discarded frame: 370
Discarded frame: 369
Discarded frame: 371
Discarded frame: 370
Discarded frame: 372
Discarded frame: 371
Discarded frame: 373
Discarded frame: 372
Discarded frame: 374
Discarded frame: 373
Discarded frame: 375
Discarded frame: 374
Discarded frame: 376
Discarded frame: 375
Discarded frame: 377
Discarded frame: 376
Discarded frame: 378
Discarded frame: 377
Discarded frame: 379
Discarded frame: 378
Discarded frame: 380
Discarded frame: 379
Discarded frame: 381
Discarded frame: 380
Discarded frame: 382
Discarded frame: 381
Discarded frame: 383
Discarded frame: 382
Discarded frame: 384
Discarded frame: 383
Discarded frame: 385
Discarded frame: 384
Discarded frame: 386
Discarded frame: 385
Discarded frame: 387
Discarded frame: 386
Discarded frame: 388
Discarded frame: 387
Discarded frame: 389
Discarded frame: 388
Discarded frame: 390
Discarded frame: 389
Discarded frame: 391
Discarded frame: 390
Discarded frame: 392
Discarded frame: 391
Discarded frame: 393
Discarded frame: 392
Discarded frame: 394
Discarded frame: 393
Discarded frame: 395
Discarded frame: 394
Discarded frame: 396
Discarded frame: 395
Discarded frame: 397
Discarded frame: 396
Discarded frame: 398
Discarded frame: 397
Discarded frame: 399
Discarded frame: 398
Discarded frame: 400
Discarded frame: 399
Discarded frame: 401
Discarded frame: 400
Discarded frame: 402
Discarded frame: 401
Discarded frame: 403
Discarded frame: 402
Discarded frame: 404
Discarded frame: 403
Discarded frame: 405
Discarded frame: 404
Discarded frame: 406
Discarded frame: 405
Discarded frame: 407
Discarded frame: 406
Discarded frame: 408
Discarded frame: 407
Discarded frame: 409
Discarded frame: 408
Discarded frame: 410
Discarded frame: 409
Discarded frame: 411
Discarded frame: 410
Discarded frame: 412
Discarded frame: 411
Discarded frame: 413
Discarded frame: 412
Discarded frame: 414
Discarded frame: 413
Discarded frame: 415
Discarded frame: 414
Discarded frame: 416
Discarded frame: 415
Discarded frame: 417
Discarded frame: 416
Discarded frame: 418
Discarded frame: 417
Discarded frame: 419
Discarded frame: 418
Discarded frame: 420
Discarded frame: 419
Discarded frame: 421
Discarded frame: 420
Discarded frame: 422
Discarded frame: 421
Discarded frame: 423
Discarded frame: 422
Discarded frame: 424
Discarded frame: 423
Discarded frame: 425
Discarded frame: 424
Discarded frame: 426
Discarded frame: 425
Discarded frame: 427
Discarded frame: 426
Discarded frame: 428
Discarded frame: 427
Discarded frame: 429
Discarded frame: 428
Discarded frame: 430
Discarded frame: 429
Discarded frame: 431
Discarded frame: 430
Discarded frame: 432
Discarded frame: 431
Discarded frame: 433
Discarded frame: 432
Discarded frame: 434
Discarded frame: 433
Discarded frame: 435
Discarded frame: 434
Discarded frame: 436
Discarded frame: 435
Discarded frame: 437
Discarded frame: 436
Discarded frame: 438
Discarded frame: 437
Discarded frame: 439
Discarded frame: 438
Discarded frame: 440
Discarded frame: 439
Discarded frame: 441
Discarded frame: 440
Discarded frame: 442
Discarded frame: 441
Discarded frame: 443
Discarded frame: 442
Discarded frame: 444
Discarded frame: 443
Discarded frame: 445
Discarded frame: 444
Discarded frame: 446
Discarded frame: 445
Discarded frame: 447
Discarded frame: 446
Discarded frame: 448
Discarded frame: 447
Discarded frame: 449
Discarded frame: 448
Discarded frame: 450
Discarded frame: 449
Discarded frame: 451
Discarded frame: 450
Discarded frame: 452
Discarded frame: 451
Discarded frame: 453
Discarded frame: 452
Discarded frame: 454
Discarded frame: 453
Discarded frame: 455
Discarded frame: 454
Discarded frame: 456
Discarded frame: 455
Discarded frame: 457
Discarded frame: 456
Discarded frame: 458
Discarded frame: 457
Discarded frame: 459
Discarded frame: 458
Discarded frame: 460
Discarded frame: 459
Discarded frame: 461
Discarded frame: 460
Discarded frame: 462
Discarded frame: 461
Discarded frame: 463
Discarded frame: 462
Discarded frame: 464
Discarded frame: 463
Discarded frame: 465
Discarded frame: 464
Discarded frame: 466
Discarded frame: 465
Discarded frame: 467
Discarded frame: 466
Discarded frame: 468
Discarded frame: 467
Discarded frame: 469
Discarded frame: 468
Discarded frame: 470
Discarded frame: 469
Discarded frame: 471
Discarded frame: 470
Discarded frame: 472
Discarded frame: 471
Discarded frame: 473
Discarded frame: 472
Discarded frame: 474
Discarded frame: 473
Discarded frame: 475
Discarded frame: 474
Discarded frame: 476
Discarded frame: 475
Discarded frame: 477
Discarded frame: 476
Discarded frame: 478
Discarded frame: 477
Discarded frame: 479
Discarded frame: 478
Discarded frame: 480
Discarded frame: 479
Discarded frame: 481
Discarded frame: 480
Discarded frame: 482
Discarded frame: 481
Discarded frame: 483
Discarded frame: 482
Discarded frame: 484
Discarded frame: 483
Discarded frame: 485
Discarded frame: 484
Discarded frame: 486
Discarded frame: 485
Discarded frame: 487
Discarded frame: 486
Discarded frame: 488
Discarded frame: 487
Discarded frame: 489
Discarded frame: 488
Discarded frame: 490
Discarded frame: 489
Discarded frame: 491
Discarded frame: 490
Discarded frame: 492
Discarded frame: 491
Discarded frame: 493
Discarded frame: 492
Discarded frame: 494
Discarded frame: 493
Discarded frame: 495
Discarded frame: 494
Discarded frame: 496
Discarded frame: 495
Discarded frame: 497
Discarded frame: 496
Discarded frame: 498
Discarded frame: 497
Discarded frame: 499
Discarded frame: 498
Discarded frame: 500
Discarded frame: 499
Discarded frame: 501
Discarded frame: 500
Discarded frame: 502
Discarded frame: 501
Discarded frame: 503
Discarded frame: 502
Discarded frame: 504
Discarded frame: 503
Discarded frame: 505
Discarded frame: 504
Discarded frame: 506
Discarded frame: 505
Discarded frame: 507
Discarded frame: 506
Discarded frame: 508
Discarded frame: 507
Discarded frame: 509
Discarded frame: 508
Discarded frame: 510
Discarded frame: 509
Discarded frame: 511
Discarded frame: 510
Discarded frame: 512
Discarded frame: 511
Discarded frame: 513
Discarded frame: 512
Discarded frame: 514
Discarded frame: 513
Discarded frame: 515
Discarded frame: 514
Discarded frame: 516
Discarded frame: 515
Discarded frame: 517
Discarded frame: 516
Discarded frame: 518
Discarded frame: 517
Discarded frame: 519
Discarded frame: 518
Discarded frame: 520
Discarded frame: 519
Discarded frame: 521
Discarded frame: 520
Discarded frame: 522
Discarded frame: 521
Discarded frame: 523
Discarded frame: 522
Discarded frame: 524
Discarded frame: 523
Discarded frame: 525
Discarded frame: 524
Discarded frame: 526
Discarded frame: 525
Discarded frame: 527
Discarded frame: 526
Discarded frame: 528
Discarded frame: 527
Discarded frame: 529
Discarded frame: 528
Discarded frame: 530
Discarded frame: 529
Discarded frame: 531
Discarded frame: 530
Discarded frame: 532
Discarded frame: 531
Discarded frame: 533
Discarded frame: 532
Discarded frame: 534
Discarded frame: 533
Discarded frame: 535
Discarded frame: 534
Discarded frame: 536
Discarded frame: 535
Discarded frame: 537
Discarded frame: 536
Discarded frame: 538
Discarded frame: 537
Discarded frame: 539
Discarded frame: 538
Discarded frame: 540
Discarded frame: 539
Discarded frame: 541
Discarded frame: 540
Discarded frame: 542
Discarded frame: 541
Discarded frame: 543
Discarded frame: 542
Discarded frame: 544
Discarded frame: 543
Discarded frame: 545
Discarded frame: 544
Discarded frame: 546
Discarded frame: 545
Discarded frame: 547
Discarded frame: 546
Discarded frame: 548
Discarded frame: 547
Discarded frame: 549
Discarded frame: 548
Discarded frame: 550
Discarded frame: 549
Discarded frame: 551
Discarded frame: 550
Discarded frame: 552
Discarded frame: 551
Discarded frame: 553
Discarded frame: 552
Discarded frame: 554
Discarded frame: 553
Discarded frame: 555
Discarded frame: 554
Discarded frame: 555
Discarded frame: 556
Discarded frame: 557
Discarded frame: 556
Discarded frame: 558
Discarded frame: 557
Discarded frame: 559
Discarded frame: 558
Discarded frame: 560
Discarded frame: 559
Discarded frame: 561
Discarded frame: 560
Discarded frame: 562
Discarded frame: 561
Discarded frame: 563
Discarded frame: 562
Discarded frame: 564
Discarded frame: 563
Discarded frame: 565
Discarded frame: 564
Discarded frame: 566
Discarded frame: 565
Discarded frame: 567
Discarded frame: 566
Discarded frame: 568
Discarded frame: 567
Discarded frame: 569
Discarded frame: 568
Discarded frame: 570
Discarded frame: 569
Discarded frame: 571
Discarded frame: 570
Discarded frame: 572
Discarded frame: 571
Discarded frame: 573
Discarded frame: 572
Discarded frame: 574
Discarded frame: 573
Discarded frame: 575
Discarded frame: 574
Discarded frame: 576
Discarded frame: 575
Discarded frame: 577
Discarded frame: 576
Discarded frame: 578
Discarded frame: 577
Discarded frame: 579
Discarded frame: 578
Discarded frame: 579
Discarded frame: 580
Discarded frame: 580
Discarded frame: 581
Discarded frame: 582
Discarded frame: 581
Discarded frame: 583
Discarded frame: 582
Discarded frame: 584
Discarded frame: 583
Discarded frame: 585
Discarded frame: 584
Discarded frame: 586
Discarded frame: 585
Discarded frame: 587
Discarded frame: 586
Discarded frame: 588
Discarded frame: 587
Discarded frame: 589
Discarded frame: 588
Discarded frame: 590
Discarded frame: 589
Discarded frame: 591
Discarded frame: 590
Discarded frame: 592
Discarded frame: 591
Discarded frame: 593
Discarded frame: 592
Discarded frame: 594
Discarded frame: 593
Discarded frame: 595
Discarded frame: 594
Discarded frame: 596
Discarded frame: 595
Discarded frame: 597
Discarded frame: 596
Discarded frame: 597
Discarded frame: 598
Discarded frame: 599
Discarded frame: 598
Discarded frame: 600
Discarded frame: 599
Discarded frame: 601
Discarded frame: 600
Discarded frame: 602
Discarded frame: 601
Discarded frame: 603
Discarded frame: 602
Discarded frame: 604
Discarded frame: 603
Discarded frame: 605
Discarded frame: 604
Discarded frame: 606
Discarded frame: 605
Discarded frame: 607
Discarded frame: 606
Discarded frame: 608
Discarded frame: 607
Discarded frame: 609
Discarded frame: 608
Discarded frame: 610
Discarded frame: 609
Discarded frame: 611
Discarded frame: 610
Discarded frame: 612
Discarded frame: 611
Discarded frame: 612
Discarded frame: 613
Discarded frame: 614
Discarded frame: 613
Discarded frame: 615
Discarded frame: 614
Discarded frame: 616
Discarded frame: 615
Discarded frame: 617
Discarded frame: 616
Discarded frame: 618
Discarded frame: 617
Discarded frame: 618
Discarded frame: 619
Discarded frame: 620
Discarded frame: 619
Discarded frame: 621
Discarded frame: 620
Discarded frame: 622
Discarded frame: 621
Discarded frame: 622
Discarded frame: 623
Discarded frame: 624
Discarded frame: 623
Discarded frame: 625
Discarded frame: 624
Discarded frame: 626
Discarded frame: 625
Discarded frame: 627
Discarded frame: 626
Discarded frame: 628
Discarded frame: 627
Discarded frame: 628
Discarded frame: 629
Discarded frame: 629
Discarded frame: 630
Discarded frame: 631
Discarded frame: 630
Discarded frame: 632
Discarded frame: 631
Discarded frame: 633
Discarded frame: 632
Discarded frame: 634
Discarded frame: 633
Discarded frame: 634
Discarded frame: 635
Discarded frame: 635
Discarded frame: 636
Discarded frame: 637
Discarded frame: 636
Discarded frame: 638
Discarded frame: 637
Discarded frame: 638
Discarded frame: 639
Discarded frame: 639
Discarded frame: 640
Discarded frame: 641
Discarded frame: 640
Discarded frame: 642
Discarded frame: 641
Discarded frame: 642
Discarded frame: 643
Discarded frame: 643
Discarded frame: 644
Discarded frame: 645
Discarded frame: 644
Discarded frame: 646
Discarded frame: 647
Discarded frame: 645
Discarded frame: 646
Discarded frame: 648
Discarded frame: 647
Discarded frame: 649
Discarded frame: 650
Discarded frame: 648
Discarded frame: 649
Discarded frame: 651
Discarded frame: 650
Discarded frame: 652
Discarded frame: 651
Discarded frame: 653
Discarded frame: 654
Discarded frame: 652
Discarded frame: 653
Discarded frame: 655
Discarded frame: 654
Discarded frame: 656
Discarded frame: 657
Discarded frame: 655
Discarded frame: 656
Discarded frame: 658
Discarded frame: 657
Discarded frame: 659
Discarded frame: 660
Discarded frame: 658
Discarded frame: 659
Discarded frame: 661
Discarded frame: 660
Discarded frame: 662
Discarded frame: 661
Discarded frame: 663
Discarded frame: 662
Discarded frame: 664
Discarded frame: 663
Discarded frame: 665
Discarded frame: 664
Discarded frame: 666
Discarded frame: 665
Discarded frame: 666
Discarded frame: 667
Discarded frame: 668
Discarded frame: 667
Discarded frame: 669
Discarded frame: 670
Discarded frame: 668
Discarded frame: 669
Discarded frame: 671
Discarded frame: 670
Discarded frame: 671
Discarded frame: 672
Discarded frame: 673
Discarded frame: 672
Discarded frame: 674
Discarded frame: 673
Discarded frame: 674
Discarded frame: 675
Discarded frame: 676
Discarded frame: 675
Discarded frame: 677
Discarded frame: 676
Discarded frame: 678
Discarded frame: 677
Discarded frame: 679
Discarded frame: 680
Discarded frame: 678
Discarded frame: 679
Discarded frame: 681
Discarded frame: 682
Discarded frame: 680
Discarded frame: 681
Discarded frame: 683
Discarded frame: 682
Discarded frame: 684
Discarded frame: 683
Discarded frame: 684
Discarded frame: 685
Discarded frame: 686
Discarded frame: 685
Discarded frame: 687
Discarded frame: 686
Discarded frame: 688
Discarded frame: 687
Discarded frame: 688
Discarded frame: 689
Discarded frame: 690
Discarded frame: 689
Discarded frame: 691
Discarded frame: 690
Discarded frame: 692
Discarded frame: 691
Discarded frame: 693
Discarded frame: 692
Discarded frame: 694
Discarded frame: 695
Discarded frame: 693
Discarded frame: 694
Discarded frame: 696
Discarded frame: 695
Discarded frame: 696
Discarded frame: 697
Discarded frame: 698
Discarded frame: 697
Discarded frame: 698
Discarded frame: 699
Discarded frame: 700
Discarded frame: 699
Discarded frame: 701
Discarded frame: 700
Discarded frame: 701
Discarded frame: 702
Discarded frame: 703
Discarded frame: 702
Discarded frame: 703
Discarded frame: 704
Discarded frame: 705
Discarded frame: 704
Discarded frame: 705
Discarded frame: 706
Discarded frame: 707
Discarded frame: 706
Discarded frame: 708
Discarded frame: 709
Discarded frame: 707
Discarded frame: 708
Discarded frame: 710
Discarded frame: 709
Discarded frame: 710
Discarded frame: 711
Discarded frame: 712
Discarded frame: 711
Discarded frame: 712
Discarded frame: 713
Discarded frame: 714
Discarded frame: 713
Discarded frame: 715
Discarded frame: 714
Discarded frame: 715
Discarded frame: 716
Discarded frame: 717
Discarded frame: 716
Discarded frame: 718
Discarded frame: 717
Discarded frame: 719
Discarded frame: 718
Discarded frame: 719
Discarded frame: 720
Discarded frame: 721
Discarded frame: 720
Discarded frame: 722
Discarded frame: 721
Discarded frame: 722
Discarded frame: 723
Discarded frame: 724
Discarded frame: 723
Discarded frame: 725
Discarded frame: 724
Discarded frame: 725
Discarded frame: 726
Discarded frame: 727
Discarded frame: 726
Discarded frame: 728
Discarded frame: 727
Discarded frame: 729
Discarded frame: 728
Discarded frame: 729
Discarded frame: 730
Discarded frame: 731
Discarded frame: 730
Discarded frame: 732
Discarded frame: 731
Discarded frame: 733
Discarded frame: 732
Discarded frame: 734
Discarded frame: 735
Discarded frame: 733
Discarded frame: 734
Discarded frame: 736
Discarded frame: 735
Discarded frame: 736
Discarded frame: 737
Discarded frame: 738
Discarded frame: 737
Discarded frame: 739
Discarded frame: 738
Discarded frame: 740
Discarded frame: 741
Discarded frame: 739
Discarded frame: 740
Discarded frame: 742
Discarded frame: 741
Discarded frame: 743
Discarded frame: 744
Discarded frame: 742
Discarded frame: 743
Discarded frame: 745
Discarded frame: 744
Discarded frame: 745
Discarded frame: 746
Discarded frame: 747
Discarded frame: 746
Discarded frame: 747
Discarded frame: 748
Discarded frame: 749
Discarded frame: 748
Discarded frame: 749
Discarded frame: 750
Discarded frame: 751
Discarded frame: 750
Discarded frame: 752
Discarded frame: 751
Discarded frame: 752
Discarded frame: 753
Discarded frame: 754
Discarded frame: 753
Discarded frame: 754
Discarded frame: 755
Discarded frame: 756
Discarded frame: 755
Discarded frame: 757
Discarded frame: 756
Discarded frame: 757
Discarded frame: 758
Discarded frame: 759
Discarded frame: 758
Discarded frame: 760
Discarded frame: 761
Discarded frame: 759
Discarded frame: 760
Discarded frame: 761
Discarded frame: 762
Discarded frame: 763
Discarded frame: 764
Discarded frame: 765
Discarded frame: 766
Discarded frame: 767
Discarded frame: 768
Discarded frame: 769
Discarded frame: 770
Discarded frame: 771
Discarded frame: 772
Discarded frame: 773
Discarded frame: 774
Discarded frame: 775
Discarded frame: 776
Discarded frame: 777
Discarded frame: 778
Discarded frame: 779
Discarded frame: 780
Discarded frame: 781
Discarded frame: 782
Discarded frame: 783
Discarded frame: 784
Discarded frame: 785
Discarded frame: 786
Discarded frame: 787
Discarded frame: 788
Discarded frame: 789
Discarded frame: 790
Discarded frame: 791
Discarded frame: 792
Discarded frame: 793
Discarded frame: 794
Discarded frame: 795
